20:30:10.038 INFO  manager.ApplicationManager -- All tests runs in Chrome Browser
20:30:10.996 INFO  manager.ApplicationManager -- The link --->https://telranedu.web.app/home
20:30:11.105 INFO  tests.TestBase -- Name of method (test) ---> loginSuccess
20:30:16.195 INFO  tests.TestBase -- Start test with name 'loginSuccess'
20:30:16.196 INFO  tests.TestBase -- Test data ---> email: 'art276@art.com' & password: '$Art1$2$3456789'
20:30:18.169 INFO  tests.TestBase -- Assert check is element button 'Sign out' present
20:30:18.182 INFO  tests.TestBase -- Name of method (test) ---> loginSuccess1
20:30:18.333 INFO  tests.TestBase -- Before method finished logout
20:30:19.546 INFO  tests.TestBase -- Name of method (test) ---> loginSuccessModel
20:30:19.665 INFO  tests.TestBase -- Before method finished logout
20:30:19.668 INFO  tests.TestBase -- Test data ---> email: 'art276@art.com' & password: '$Art1$2$3456789'
20:30:20.868 INFO  tests.TestBase -- Assert check is element button 'Sign out' present
20:30:20.871 INFO  tests.TestBase -- Name of method (test) ---> loginUnregisteredUser
20:30:21.002 INFO  tests.TestBase -- Before method finished logout
20:30:24.480 INFO  tests.TestBase -- Name of method (test) ---> loginWrongEmail
20:30:29.527 INFO  tests.TestBase -- Test data ---> email: 'margogmail.com' & password: 'Mmar123456$'
20:30:33.122 INFO  tests.TestBase -- Assert check is alert present with error text 'Wrong email or password'
20:30:33.130 INFO  tests.TestBase -- Name of method (test) ---> loginWrongPassword
20:30:38.193 INFO  tests.TestBase -- Test data ---> email: 'margogmail.com' & password: 'Mmar123'
20:30:41.929 INFO  tests.TestBase -- Assert check is alert present with error text 'Wrong email or password'
